<?xml version="1.0" encoding="UTF-8"?>
<!-- Generated by org.testng.reporters.JUnitReportReporter -->
<testsuite hostname="DESKTOP-TQID2SQ" failures="0" tests="1" name="LambdaTest01.Test03" time="0.760" errors="0" timestamp="2023-08-28T15:40:49 IST" skipped="0">
  <testcase classname="LambdaTest01.Test03" name="test" time="0.760"/>
</testsuite> <!-- LambdaTest01.Test03 -->
