<?xml version="1.0" encoding="UTF-8"?>
<!-- Generated by org.testng.reporters.JUnitReportReporter -->
<testsuite hostname="DESKTOP-TQID2SQ" failures="0" tests="1" name="ProjectOne.Senario_01" time="0.025" errors="0" timestamp="2023-08-26T23:49:08 IST" skipped="0">
  <testcase classname="ProjectOne.Senario_01" name="test1" time="0.025"/>
</testsuite> <!-- ProjectOne.Senario_01 -->
