<?xml version="1.0" encoding="UTF-8"?>
<!-- Generated by org.testng.reporters.JUnitReportReporter -->
<testsuite hostname="DESKTOP-TQID2SQ" failures="0" tests="3" name="ProjectOne.ParameterTest02" time="3.548" errors="0" timestamp="2023-08-28T06:21:11 IST" skipped="0">
  <testcase classname="ProjectOne.ParameterTest02" name="TestFileDownload" time="0.959"/>
  <testcase classname="ProjectOne.ParameterTest02" name="TestFileDownload" time="1.161"/>
  <testcase classname="ProjectOne.ParameterTest02" name="TestFileDownload" time="1.428"/>
</testsuite> <!-- ProjectOne.ParameterTest02 -->
