<?xml version="1.0" encoding="UTF-8"?>
<!-- Generated by org.testng.reporters.JUnitReportReporter -->
<testsuite hostname="DESKTOP-TQID2SQ" failures="0" tests="1" name="LambdaTest03.MyLambdaTest03" time="0.029" errors="0" timestamp="2023-08-29T14:06:21 IST" skipped="0">
  <testcase classname="LambdaTest03.MyLambdaTest03" name="testSimple" time="0.029"/>
</testsuite> <!-- LambdaTest03.MyLambdaTest03 -->
