<?xml version="1.0" encoding="UTF-8"?>
<!-- Generated by org.testng.reporters.JUnitReportReporter -->
<testsuite hostname="DESKTOP-TQID2SQ" failures="0" tests="1" name="ProjectOne.TestNGTodo" time="0.012" errors="0" timestamp="2023-08-27T22:11:50 IST" skipped="0">
  <testcase classname="ProjectOne.TestNGTodo" name="testSimple" time="0.012"/>
</testsuite> <!-- ProjectOne.TestNGTodo -->
